# JRE version: OpenJDK Runtime Environment (8.0_112-b06) (build 1.8.0_112-release-b06)
# Java VM: OpenJDK 64-Bit Server VM (25.112-b06 mixed mode windows-amd64 compressed oops)
Heap:
 PSYoungGen      total 455168K, used 124008K [0x00000000e0000000, 0x00000000ffe80000, 0x0000000100000000)
  eden space 389632K, 29% used [0x00000000e0000000,0x00000000e7093808,0x00000000f7c80000)
  from space 65536K, 13% used [0x00000000f7c80000,0x00000000f8506908,0x00000000fbc80000)
  to   space 64512K, 0% used [0x00000000fbf80000,0x00000000fbf80000,0x00000000ffe80000)
 ParOldGen       total 171520K, used 132786K [0x00000000a0000000, 0x00000000aa780000, 0x00000000e0000000)
  object space 171520K, 77% used [0x00000000a0000000,0x00000000a81acaf8,0x00000000aa780000)
 Metaspace       used 76913K, capacity 80288K, committed 81024K, reserved 1120256K
  class space    used 9518K, capacity 10082K, committed 10368K, reserved 1048576K
GC Heap History (10 events):
Event: 5796.164 GC heap before
{Heap before GC invocations=44 (full 5):
 PSYoungGen      total 368128K, used 43498K [0x00000000e0000000, 0x00000000feb80000, 0x0000000100000000)
  eden space 324608K, 0% used [0x00000000e0000000,0x00000000e0000000,0x00000000f3d00000)
  from space 43520K, 99% used [0x00000000f3d00000,0x00000000f677a940,0x00000000f6780000)
  to   space 61952K, 0% used [0x00000000faf00000,0x00000000faf00000,0x00000000feb80000)
 ParOldGen       total 113664K, used 111074K [0x00000000a0000000, 0x00000000a6f00000, 0x00000000e0000000)
  object space 113664K, 97% used [0x00000000a0000000,0x00000000a6c789a8,0x00000000a6f00000)
 Metaspace       used 75558K, capacity 78186K, committed 80768K, reserved 1120256K
  class space    used 9357K, capacity 9832K, committed 10368K, reserved 1048576K
Event: 5798.546 GC heap after
Heap after GC invocations=44 (full 5):
 PSYoungGen      total 368128K, used 9636K [0x00000000e0000000, 0x00000000feb80000, 0x0000000100000000)
  eden space 324608K, 0% used [0x00000000e0000000,0x00000000e0000000,0x00000000f3d00000)
  from space 43520K, 22% used [0x00000000f3d00000,0x00000000f4669070,0x00000000f6780000)
  to   space 61952K, 0% used [0x00000000faf00000,0x00000000faf00000,0x00000000feb80000)
 ParOldGen       total 171520K, used 113560K [0x00000000a0000000, 0x00000000aa780000, 0x00000000e0000000)
  object space 171520K, 66% used [0x00000000a0000000,0x00000000a6ee6398,0x00000000aa780000)
 Metaspace       used 75558K, capacity 78186K, committed 80768K, reserved 1120256K
  class space    used 9357K, capacity 9832K, committed 10368K, reserved 1048576K
}
Event: 5805.093 GC heap before
{Heap before GC invocations=45 (full 5):
 PSYoungGen      total 368128K, used 334244K [0x00000000e0000000, 0x00000000feb80000, 0x0000000100000000)
  eden space 324608K, 100% used [0x00000000e0000000,0x00000000f3d00000,0x00000000f3d00000)
  from space 43520K, 22% used [0x00000000f3d00000,0x00000000f4669070,0x00000000f6780000)
  to   space 61952K, 0% used [0x00000000faf00000,0x00000000faf00000,0x00000000feb80000)
 ParOldGen       total 171520K, used 113560K [0x00000000a0000000, 0x00000000aa780000, 0x00000000e0000000)
  object space 171520K, 66% used [0x00000000a0000000,0x00000000a6ee6398,0x00000000aa780000)
 Metaspace       used 75588K, capacity 78186K, committed 80768K, reserved 1120256K
  class space    used 9357K, capacity 9832K, committed 10368K, reserved 1048576K
Event: 5805.410 GC heap after
Heap after GC invocations=45 (full 5):
 PSYoungGen      total 407552K, used 43993K [0x00000000e0000000, 0x00000000fdf00000, 0x0000000100000000)
  eden space 358400K, 0% used [0x00000000e0000000,0x00000000e0000000,0x00000000f5e00000)
  from space 49152K, 89% used [0x00000000faf00000,0x00000000fd9f6608,0x00000000fdf00000)
  to   space 66048K, 0% used [0x00000000f5e00000,0x00000000f5e00000,0x00000000f9e80000)
 ParOldGen       total 171520K, used 117420K [0x00000000a0000000, 0x00000000aa780000, 0x00000000e0000000)
  object space 171520K, 68% used [0x00000000a0000000,0x00000000a72ab130,0x00000000aa780000)
 Metaspace       used 75588K, capacity 78186K, committed 80768K, reserved 1120256K
  class space    used 9357K, capacity 9832K, committed 10368K, reserved 1048576K
}
Event: 5810.449 GC heap before
{Heap before GC invocations=46 (full 5):
 PSYoungGen      total 407552K, used 402393K [0x00000000e0000000, 0x00000000fdf00000, 0x0000000100000000)
  eden space 358400K, 100% used [0x00000000e0000000,0x00000000f5e00000,0x00000000f5e00000)
  from space 49152K, 89% used [0x00000000faf00000,0x00000000fd9f6608,0x00000000fdf00000)
  to   space 66048K, 0% used [0x00000000f5e00000,0x00000000f5e00000,0x00000000f9e80000)
 ParOldGen       total 171520K, used 117420K [0x00000000a0000000, 0x00000000aa780000, 0x00000000e0000000)
  object space 171520K, 68% used [0x00000000a0000000,0x00000000a72ab130,0x00000000aa780000)
 Metaspace       used 75599K, capacity 78186K, committed 80768K, reserved 1120256K
  class space    used 9357K, capacity 9832K, committed 10368K, reserved 1048576K
Event: 5810.787 GC heap after
Heap after GC invocations=46 (full 5):
 PSYoungGen      total 424448K, used 41350K [0x00000000e0000000, 0x0000000100000000, 0x0000000100000000)
  eden space 358400K, 0% used [0x00000000e0000000,0x00000000e0000000,0x00000000f5e00000)
  from space 66048K, 62% used [0x00000000f5e00000,0x00000000f86619d8,0x00000000f9e80000)
  to   space 68608K, 0% used [0x00000000fbd00000,0x00000000fbd00000,0x0000000100000000)
 ParOldGen       total 171520K, used 117420K [0x00000000a0000000, 0x00000000aa780000, 0x00000000e0000000)
  object space 171520K, 68% used [0x00000000a0000000,0x00000000a72ab130,0x00000000aa780000)
 Metaspace       used 75599K, capacity 78186K, committed 80768K, reserved 1120256K
  class space    used 9357K, capacity 9832K, committed 10368K, reserved 1048576K
}
Event: 5836.098 GC heap before
{Heap before GC invocations=47 (full 5):
 PSYoungGen      total 424448K, used 399030K [0x00000000e0000000, 0x0000000100000000, 0x0000000100000000)
  eden space 358400K, 99% used [0x00000000e0000000,0x00000000f5d4c0a0,0x00000000f5e00000)
  from space 66048K, 62% used [0x00000000f5e00000,0x00000000f86619d8,0x00000000f9e80000)
  to   space 68608K, 0% used [0x00000000fbd00000,0x00000000fbd00000,0x0000000100000000)
 ParOldGen       total 171520K, used 117420K [0x00000000a0000000, 0x00000000aa780000, 0x00000000e0000000)
  object space 171520K, 68% used [0x00000000a0000000,0x00000000a72ab130,0x00000000aa780000)
 Metaspace       used 75668K, capacity 78272K, committed 80768K, reserved 1120256K
  class space    used 9360K, capacity 9837K, committed 10368K, reserved 1048576K
Event: 5841.706 GC heap after
Heap after GC invocations=47 (full 5):
 PSYoungGen      total 454656K, used 28899K [0x00000000e0000000, 0x00000000ffc80000, 0x0000000100000000)
  eden space 389632K, 0% used [0x00000000e0000000,0x00000000e0000000,0x00000000f7c80000)
  from space 65024K, 44% used [0x00000000fbd00000,0x00000000fd938ce8,0x00000000ffc80000)
  to   space 65536K, 0% used [0x00000000f7c80000,0x00000000f7c80000,0x00000000fbc80000)
 ParOldGen       total 171520K, used 117428K [0x00000000a0000000, 0x00000000aa780000, 0x00000000e0000000)
  object space 171520K, 68% used [0x00000000a0000000,0x00000000a72ad130,0x00000000aa780000)
 Metaspace       used 75668K, capacity 78272K, committed 80768K, reserved 1120256K
  class space    used 9360K, capacity 9837K, committed 10368K, reserved 1048576K
}
Event: 6008.597 GC heap before
{Heap before GC invocations=48 (full 5):
 PSYoungGen      total 454656K, used 418531K [0x00000000e0000000, 0x00000000ffc80000, 0x0000000100000000)
  eden space 389632K, 100% used [0x00000000e0000000,0x00000000f7c80000,0x00000000f7c80000)
  from space 65024K, 44% used [0x00000000fbd00000,0x00000000fd938ce8,0x00000000ffc80000)
  to   space 65536K, 0% used [0x00000000f7c80000,0x00000000f7c80000,0x00000000fbc80000)
 ParOldGen       total 171520K, used 117428K [0x00000000a0000000, 0x00000000aa780000, 0x00000000e0000000)
  object space 171520K, 68% used [0x00000000a0000000,0x00000000a72ad130,0x00000000aa780000)
 Metaspace       used 76595K, capacity 79666K, committed 80768K, reserved 1120256K
  class space    used 9468K, capacity 9997K, committed 10368K, reserved 1048576K
Event: 6012.775 GC heap after
Heap after GC invocations=48 (full 5):
 PSYoungGen      total 455168K, used 8730K [0x00000000e0000000, 0x00000000ffe80000, 0x0000000100000000)
  eden space 389632K, 0% used [0x00000000e0000000,0x00000000e0000000,0x00000000f7c80000)
  from space 65536K, 13% used [0x00000000f7c80000,0x00000000f8506908,0x00000000fbc80000)
  to   space 64512K, 0% used [0x00000000fbf80000,0x00000000fbf80000,0x00000000ffe80000)
 ParOldGen       total 171520K, used 132786K [0x00000000a0000000, 0x00000000aa780000, 0x00000000e0000000)
  object space 171520K, 77% used [0x00000000a0000000,0x00000000a81acaf8,0x00000000aa780000)
 Metaspace       used 76595K, capacity 79666K, committed 80768K, reserved 1120256K
  class space    used 9468K, capacity 9997K, committed 10368K, reserved 1048576K
}

